<?xml version="1.0" encoding="UTF-8"?>
<!-- Generated by org.testng.reporters.JUnitReportReporter -->
<testsuite hostname="DESKTOP-2B3OB08" name="com.googletest.qa.test.GoogleSearchTest" tests="2" failures="0" timestamp="19 Mar 2019 20:19:06 GMT" time="96.291" errors="0">
  <testcase name="googleSearchTest2" time="11.447" classname="com.googletest.qa.test.GoogleSearchTest"/>
  <testcase name="googleSearchTest1" time="84.844" classname="com.googletest.qa.test.GoogleSearchTest"/>
</testsuite> <!-- com.googletest.qa.test.GoogleSearchTest -->
