<?xml version="1.0" encoding="UTF-8"?>
<!-- Generated by org.testng.reporters.JUnitReportReporter -->
<testsuite hostname="DESKTOP-2B3OB08" name="com.googletest.qa.test.GoogleSearchTest_ff" tests="2" failures="0" timestamp="1 Aug 2019 20:44:53 GMT" time="98.746" errors="0">
  <testcase name="googleSearchTest2" time="12.687" classname="com.googletest.qa.test.GoogleSearchTest_ff"/>
  <testcase name="googleSearchTest1" time="86.059" classname="com.googletest.qa.test.GoogleSearchTest_ff"/>
</testsuite> <!-- com.googletest.qa.test.GoogleSearchTest_ff -->
