<?xml version="1.0" encoding="UTF-8"?>
<!-- Generated by org.testng.reporters.JUnitReportReporter -->
<testsuite hostname="DESKTOP-2B3OB08" name="com.googletest.qa.test.ReconTest" tests="1" failures="0" timestamp="14 Mar 2019 04:50:19 GMT" time="21.477" errors="0">
  <testcase name="doesWebDriverWork" time="21.477" classname="com.googletest.qa.test.ReconTest"/>
</testsuite> <!-- com.googletest.qa.test.ReconTest -->
