<?xml version="1.0" encoding="UTF-8"?>
<!-- Generated by org.testng.reporters.JUnitReportReporter -->
<testsuite hostname="DESKTOP-2B3OB08" name="com.googletest.qa.test.TestRough" tests="1" failures="0" timestamp="13 Mar 2019 01:31:43 GMT" time="0.000" errors="0">
  <testcase name="testGoogle" time="0.000" classname="com.googletest.qa.test.TestRough"/>
</testsuite> <!-- com.googletest.qa.test.TestRough -->
