<?xml version="1.0" encoding="UTF-8"?>
<!-- Generated by org.testng.reporters.JUnitReportReporter -->
<testsuite hostname="DESKTOP-2B3OB08" name="com.googletest.qa.test.GoogleSearchTest_NO_POM" tests="1" failures="0" timestamp="15 Mar 2019 18:30:22 GMT" time="104.366" errors="0">
  <testcase name="googleSearchTest_No_Pom" time="104.366" classname="com.googletest.qa.test.GoogleSearchTest_NO_POM"/>
</testsuite> <!-- com.googletest.qa.test.GoogleSearchTest_NO_POM -->
